#
# There is insufficient memory for the Java Runtime Environment to continue.
# Native memory allocation (mmap) failed to map 268435456 bytes. Error detail: G1 virtual space
# Possible reasons:
#   The system is out of physical RAM or swap space
#   This process is running with CompressedOops enabled, and the Java Heap may be blocking the growth of the native heap
# Possible solutions:
#   Reduce memory load on the system
#   Increase physical memory or swap space
#   Check if swap backing store is full
#   Decrease Java heap size (-Xmx/-Xms)
#   Decrease number of Java threads
#   Decrease Java thread stack sizes (-Xss)
#   Set larger code cache with -XX:ReservedCodeCacheSize=
#   JVM is running with Zero Based Compressed Oops mode in which the Java heap is
#     placed in the first 32GB address space. The Java Heap base address is the
#     maximum limit for the native heap growth. Please use -XX:HeapBaseMinAddress
#     to set the Java Heap base and to place the Java Heap above 32GB virtual address.
# This output file may be truncated or incomplete.
#
#  Out of Memory Error (os_windows.cpp:3703), pid=14976, tid=13704
#
# JRE version:  (23.0.1+11) (build )
# Java VM: Java HotSpot(TM) 64-Bit Server VM (23.0.1+11-39, mixed mode, sharing, tiered, compressed oops, compressed class ptrs, g1 gc, windows-amd64)
# No core dump will be written. Minidumps are not enabled by default on client versions of Windows
#

---------------  S U M M A R Y ------------

Command Line: C:\Users\okash\AppData\Local\Temp\surefire6575633486226784839\surefirebooter-20250101034641466_3.jar C:\Users\okash\AppData\Local\Temp\surefire6575633486226784839 2025-01-01T03-46-40_932-jvmRun1 surefire-20250101034641466_1tmp surefire_0-20250101034641466_2tmp

Host: Intel(R) Core(TM) i7-7700HQ CPU @ 2.80GHz, 8 cores, 15G,  Windows 11 , 64 bit Build 22621 (10.0.22621.3958)
Time: Wed Jan  1 03:46:42 2025 Pakistan Standard Time elapsed time: 0.046635 seconds (0d 0h 0m 0s)

---------------  T H R E A D  ---------------

Current thread (0x0000026c5baf2550):  JavaThread "Unknown thread" [_thread_in_vm, id=13704, stack(0x000000a341400000,0x000000a341500000) (1024K)]

Stack: [0x000000a341400000,0x000000a341500000]
Native frames: (J=compiled Java code, j=interpreted, Vv=VM code, C=native code)
V  [jvm.dll+0x6e08b9]  (no source info available)
V  [jvm.dll+0x87dc83]  (no source info available)
V  [jvm.dll+0x88010e]  (no source info available)
V  [jvm.dll+0x8807e3]  (no source info available)
V  [jvm.dll+0x27aee6]  (no source info available)
V  [jvm.dll+0x6dd1c5]  (no source info available)
V  [jvm.dll+0x6d104a]  (no source info available)
V  [jvm.dll+0x35b3ea]  (no source info available)
V  [jvm.dll+0x3637f6]  (no source info available)
V  [jvm.dll+0x34fd5e]  (no source info available)
V  [jvm.dll+0x34fff8]  (no source info available)
V  [jvm.dll+0x3289cc]  (no source info available)
V  [jvm.dll+0x32966e]  (no source info available)
V  [jvm.dll+0x844355]  (no source info available)
V  [jvm.dll+0x3b9848]  (no source info available)
V  [jvm.dll+0x82d14c]  (no source info available)
V  [jvm.dll+0x454d4e]  (no source info available)
V  [jvm.dll+0x456bd1]  (no source info available)
C  [jli.dll+0x52a3]  (no source info available)
C  [ucrtbase.dll+0x29333]  (no source info available)
C  [KERNEL32.DLL+0x1257d]  (no source info available)
C  [ntdll.dll+0x5af08]  (no source info available)

Lock stack of current Java thread (top to bottom):


---------------  P R O C E S S  ---------------

Threads class SMR info:
_java_thread_list=0x00007ff9f3323618, length=0, elements={
}

Java Threads: ( => current thread )
Total: 0

Other Threads:
  0x0000026c5df82640 WorkerThread "GC Thread#0"                     [id=15816, stack(0x000000a341500000,0x000000a341600000) (1024K)]
  0x0000026c5df98470 ConcurrentGCThread "G1 Main Marker"            [id=18336, stack(0x000000a341600000,0x000000a341700000) (1024K)]
  0x0000026c5df98f80 WorkerThread "G1 Conc#0"                       [id=10944, stack(0x000000a341700000,0x000000a341800000) (1024K)]

[error occurred during error reporting (printing all threads), id 0xc0000005, EXCEPTION_ACCESS_VIOLATION (0xc0000005) at pc=0x00007ff9f2a6bfba]
VM state: not at safepoint (not fully initialized)

VM Mutex/Monitor currently owned by a thread:  ([mutex/lock_event])
[0x00007ff9f33a3a10] Heap_lock - owner thread: 0x0000026c5baf2550

Heap address: 0x0000000701c00000, size: 4068 MB, Compressed Oops mode: Zero based, Oop shift amount: 3

CDS archive(s) mapped at: [0x0000000000000000-0x0000000000000000-0x0000000000000000), size 0, SharedBaseAddress: 0x0000000800000000, ArchiveRelocationMode: 1.
Narrow klass base: 0x0000000000000000, Narrow klass shift: 0, Narrow klass range: 0x0

GC Precious Log:
 CardTable entry size: 512
 Card Set container configuration: InlinePtr #cards 4 size 8 Array Of Cards #cards 16 size 48 Howl #buckets 8 coarsen threshold 3686 Howl Bitmap #cards 512 size 80 coarsen threshold 460 Card regions per heap region 1 cards per card region 4096

Heap:
 garbage-first heap   total reserved 4165632K, committed 0K, used 0K [0x0000000701c00000, 0x0000000800000000)
  region size 2048K, 0 young (0K), 0 survivors (0K)

[error occurred during error reporting (printing heap information), id 0xc0000005, EXCEPTION_ACCESS_VIOLATION (0xc0000005) at pc=0x00007ff9f2e6c3c9]
GC Heap History (0 events):
No events

Dll operation events (1 events):
Event: 0.024 Loaded shared library C:\Program Files\Java\jdk-23\bin\java.dll

Deoptimization events (0 events):
No events

Classes loaded (0 events):
No events

Classes unloaded (0 events):
No events

Classes redefined (0 events):
No events

Internal exceptions (0 events):
No events

VM Operations (0 events):
No events

Memory protections (0 events):
No events

Nmethod flushes (0 events):
No events

Events (0 events):
No events


Dynamic libraries:
0x00007ff6c3d20000 - 0x00007ff6c3d30000 	C:\Program Files\Java\jdk-23\bin\java.exe
0x00007ffa7f910000 - 0x00007ffa7fb27000 	C:\Windows\SYSTEM32\ntdll.dll
0x00007ffa7d640000 - 0x00007ffa7d704000 	C:\Windows\System32\KERNEL32.DLL
0x00007ffa7d200000 - 0x00007ffa7d5b7000 	C:\Windows\System32\KERNELBASE.dll
0x00007ffa7cc80000 - 0x00007ffa7cd91000 	C:\Windows\System32\ucrtbase.dll
0x00007ffa453f0000 - 0x00007ffa45407000 	C:\Program Files\Java\jdk-23\bin\jli.dll
0x00007ffa7f550000 - 0x00007ffa7f6ff000 	C:\Windows\System32\USER32.dll
0x00007ffa7cc20000 - 0x00007ffa7cc46000 	C:\Windows\System32\win32u.dll
0x00007ffa7e6e0000 - 0x00007ffa7e709000 	C:\Windows\System32\GDI32.dll
0x00007ffa7ceb0000 - 0x00007ffa7cfc8000 	C:\Windows\System32\gdi32full.dll
0x00007ffa7cda0000 - 0x00007ffa7ce3a000 	C:\Windows\System32\msvcp_win.dll
0x00007ffa47720000 - 0x00007ffa4773b000 	C:\Program Files\Java\jdk-23\bin\VCRUNTIME140.dll
0x00007ffa664f0000 - 0x00007ffa66783000 	C:\Windows\WinSxS\amd64_microsoft.windows.common-controls_6595b64144ccf1df_6.0.22621.3672_none_2713b9d173822955\COMCTL32.dll
0x00007ffa7f720000 - 0x00007ffa7f7c7000 	C:\Windows\System32\msvcrt.dll
0x00007ffa7f0e0000 - 0x00007ffa7f111000 	C:\Windows\System32\IMM32.DLL
0x00007ffa463f0000 - 0x00007ffa463fc000 	C:\Program Files\Java\jdk-23\bin\vcruntime140_1.dll
0x00007ff9f3480000 - 0x00007ff9f350e000 	C:\Program Files\Java\jdk-23\bin\msvcp140.dll
0x00007ff9f2730000 - 0x00007ff9f347f000 	C:\Program Files\Java\jdk-23\bin\server\jvm.dll
0x00007ffa7e160000 - 0x00007ffa7e212000 	C:\Windows\System32\ADVAPI32.dll
0x00007ffa7f820000 - 0x00007ffa7f8c8000 	C:\Windows\System32\sechost.dll
0x00007ffa7cc50000 - 0x00007ffa7cc78000 	C:\Windows\System32\bcrypt.dll
0x00007ffa7f2f0000 - 0x00007ffa7f404000 	C:\Windows\System32\RPCRT4.dll
0x00007ffa7f4d0000 - 0x00007ffa7f541000 	C:\Windows\System32\WS2_32.dll
0x00007ffa7ba90000 - 0x00007ffa7badd000 	C:\Windows\SYSTEM32\POWRPROF.dll
0x00007ffa735c0000 - 0x00007ffa735f4000 	C:\Windows\SYSTEM32\WINMM.dll
0x00007ffa78900000 - 0x00007ffa7890a000 	C:\Windows\SYSTEM32\VERSION.dll
0x00007ffa7ba70000 - 0x00007ffa7ba83000 	C:\Windows\SYSTEM32\UMPDC.dll
0x00007ffa7bd20000 - 0x00007ffa7bd38000 	C:\Windows\SYSTEM32\kernel.appcore.dll
0x00007ffa453e0000 - 0x00007ffa453ea000 	C:\Program Files\Java\jdk-23\bin\jimage.dll
0x00007ffa72ab0000 - 0x00007ffa72ce2000 	C:\Windows\SYSTEM32\DBGHELP.DLL
0x00007ffa7db90000 - 0x00007ffa7df1e000 	C:\Windows\System32\combase.dll
0x00007ffa7e710000 - 0x00007ffa7e7e7000 	C:\Windows\System32\OLEAUT32.dll
0x00007ffa69eb0000 - 0x00007ffa69ee2000 	C:\Windows\SYSTEM32\dbgcore.DLL
0x00007ffa7d5c0000 - 0x00007ffa7d63b000 	C:\Windows\System32\bcryptPrimitives.dll
0x00007ffa45380000 - 0x00007ffa4539e000 	C:\Program Files\Java\jdk-23\bin\java.dll
0x00007ffa7f120000 - 0x00007ffa7f2c5000 	C:\Windows\System32\ole32.dll
0x00007ffa7e800000 - 0x00007ffa7f069000 	C:\Windows\System32\SHELL32.dll

dbghelp: loaded successfully - version: 4.0.5 - missing functions: none
symbol engine: initialized successfully - sym options: 0x614 - pdb path: .;C:\Program Files\Java\jdk-23\bin;C:\Windows\SYSTEM32;C:\Windows\WinSxS\amd64_microsoft.windows.common-controls_6595b64144ccf1df_6.0.22621.3672_none_2713b9d173822955;C:\Program Files\Java\jdk-23\bin\server

VM Arguments:
java_command: C:\Users\okash\AppData\Local\Temp\surefire6575633486226784839\surefirebooter-20250101034641466_3.jar C:\Users\okash\AppData\Local\Temp\surefire6575633486226784839 2025-01-01T03-46-40_932-jvmRun1 surefire-20250101034641466_1tmp surefire_0-20250101034641466_2tmp
java_class_path (initial): C:\Users\okash\AppData\Local\Temp\surefire6575633486226784839\surefirebooter-20250101034641466_3.jar
Launcher Type: SUN_STANDARD

[Global flags]
     intx CICompilerCount                          = 4                                         {product} {ergonomic}
     uint ConcGCThreads                            = 2                                         {product} {ergonomic}
     uint G1ConcRefinementThreads                  = 8                                         {product} {ergonomic}
   size_t G1HeapRegionSize                         = 2097152                                   {product} {ergonomic}
   size_t InitialHeapSize                          = 268435456                                 {product} {ergonomic}
   size_t MarkStackSize                            = 4194304                                   {product} {ergonomic}
   size_t MarkStackSizeMax                         = 536870912                                 {product} {ergonomic}
   size_t MaxHeapSize                              = 4265607168                                {product} {ergonomic}
   size_t MinHeapDeltaBytes                        = 2097152                                   {product} {ergonomic}
   size_t MinHeapSize                              = 8388608                                   {product} {ergonomic}
    uintx NonNMethodCodeHeapSize                   = 5832704                                {pd product} {ergonomic}
    uintx NonProfiledCodeHeapSize                  = 122945536                              {pd product} {ergonomic}
    uintx ProfiledCodeHeapSize                     = 122880000                              {pd product} {ergonomic}
    uintx ReservedCodeCacheSize                    = 251658240                              {pd product} {ergonomic}
     bool SegmentedCodeCache                       = true                                      {product} {ergonomic}
   size_t SoftMaxHeapSize                          = 4265607168                             {manageable} {ergonomic}
     bool UseCompressedOops                        = true                           {product lp64_product} {ergonomic}
     bool UseG1GC                                  = true                                      {product} {ergonomic}
     bool UseLargePagesIndividualAllocation        = false                                  {pd product} {ergonomic}

Logging:
Log output configuration:
 #0: stdout all=warning uptime,level,tags foldmultilines=false
 #1: stderr all=off uptime,level,tags foldmultilines=false

Environment Variables:
PATH=C:\Program Files\Common Files\Oracle\Java\javapath;C:\Program Files\NVIDIA GPU Computing Toolkit\CUDA\v12.6\bin;C:\Program Files\NVIDIA GPU Computing Toolkit\CUDA\v12.6\libnvvp;C:\Program Files\NVIDIA\CUDNN\v9.2\bin;C:\Program Files (x86)\Intel\iCLS Client\;C:\Program Files\Intel\iCLS Client\;C:\Windows\system32;C:\Windows;C:\Windows\System32\Wbem;C:\Windows\System32\WindowsPowerShell\v1.0\;C:\Windows\System32\OpenSSH\;C:\Program Files (x86)\Intel\Intel(R) Management Engine Components\DAL;C:\Program Files\Intel\Intel(R) Management Engine Components\DAL;C:\Program Files (x86)\Intel\Intel(R) Management Engine Components\IPT;C:\Program Files\Intel\Intel(R) Management Engine Components\IPT;C:\Program Files\Intel\WiFi\bin\;C:\Program Files\Common Files\Intel\WirelessCommon\;C:\Program Files (x86)\NVIDIA Corporation\PhysX\Common;C:\xampp\php;C:\ProgramData\ComposerSetup\bin;C:\Users\okash\Downloads\FYP Ladies\venv\Lib\site-packages\cmake\data\bin;C:\Users\okash\Downloads\FYP Ladies\venv\Lib\site-packages\cmake\data\bin;C:\Program Files (x86)\Embarcadero\Dev-Cpp\TDM-GCC-64\bin;C:\cuda\bin;C:\cuda\include;C:\cuda\lib\x64;C:\Program Files\NVIDIA Corporation\NVIDIA NvDLISR;C:\Program Files\dotnet\;C:\gstreamer\1.0\msvc_x86_64\bin;;C:\ProgramData\chocolatey\bin;C:\Program Files\NVIDIA Corporation\Nsight Compute 2024.3.2\;C:\Program Files\nodejs\;C:\Program Files\Docker\Docker\resources\bin;C:\Program Files\MySQL\MySQL Shell 8.0\bin\;C:\Users\okash\AppData\Local\Programs\Python\Python310;C:\Users\okash\AppData\Local\Microsoft\WindowsApps;C:\Program Files\Intel\WiFi\bin\;C:\Program Files\Common Files\Intel\WirelessCommon\;C:\Users\okash\AppData\Local\Programs\Microsoft VS Code\bin;C:\Users\okash\AppData\Roaming\Composer\vendor\bin;C:\Program Files (x86)\GnuWin32\bin;C:\Program Files (x86)\Dev-Cpp\MinGW64\bin;C:\Program Files (x86)\Dev-Cpp\MinGW64\bin\gcc.exe;C:\Program Files\NVIDIA GPU Computing Toolkit\CUDA\v12.2\bin;C:\Program Files\NVIDIA GPU Computing Toolkit\CUDA\v12.5\bin;C:\Program Files\JetBrains\PyCharm Community Edition 2024.2.0.1\bin;;C:\gstreamer\1.0\msvc_x86_64\bin;C:\Users\okash\AppData\Roaming\npm;C:\Program Files\JetBrains\IntelliJ IDEA 2024.3.1\bin;;C:\Users\okash\Downloads\apache-maven-3.8.8-bin\apache-maven-3.8.8\bin;
USERNAME=okash
OS=Windows_NT
PROCESSOR_IDENTIFIER=Intel64 Family 6 Model 158 Stepping 9, GenuineIntel
TMP=C:\Users\okash\AppData\Local\Temp
TEMP=C:\Users\okash\AppData\Local\Temp




Periodic native trim disabled

---------------  S Y S T E M  ---------------

OS:
 Windows 11 , 64 bit Build 22621 (10.0.22621.3958)
OS uptime: 0 days 2:35 hours
Hyper-V role detected

CPU: total 8 (initial active 8) (4 cores per cpu, 2 threads per core) family 6 model 158 stepping 9 microcode 0xde, cx8, cmov, fxsr, ht, mmx, 3dnowpref, sse, sse2, sse3, ssse3, sse4.1, sse4.2, popcnt, lzcnt, tsc, tscinvbit, avx, avx2, aes, erms, clmul, bmi1, bmi2, adx, fma, vzeroupper, clflush, clflushopt, hv, rdtscp, f16c
Processor Information for the first 8 processors :
  Max Mhz: 2801, Current Mhz: 2801, Mhz Limit: 2801

Memory: 4k page, system-wide physical 16271M (2895M free)
TotalPageFile size 20669M (AvailPageFile size 61M)
current process WorkingSet (physical memory assigned to process): 12M, peak: 12M
current process commit charge ("private bytes"): 60M, peak: 316M

vm_info: Java HotSpot(TM) 64-Bit Server VM (23.0.1+11-39) for windows-amd64 JRE (23.0.1+11-39), built on 2024-09-30T07:20:43Z with MS VC++ 17.6 (VS2022)

END.
